[0.009s] Invoking command in '/home/dyros/pico_ws/src/XRoboToolkit-Teleop-ROS/ros2/build/picoxr': AMENT_PREFIX_PATH=/home/dyros/pico_ws/src/XRoboToolkit-Teleop-ROS/ros2/install/xr_msgs:${AMENT_PREFIX_PATH} CMAKE_PREFIX_PATH=/home/dyros/pico_ws/src/XRoboToolkit-Teleop-ROS/ros2/install/xr_msgs:/home/dyros/model_ws/install/p73_controller:/home/dyros/model_ws/install/mjc_ros2:/home/dyros/model_ws/install/br_model:/home/dyros/model_ws/install/br_avatar:/home/dyros/model_ws/install/p73_lib:/home/dyros/model_ws/install/p73_gui:/home/dyros/model_ws/install/p73_msgs:/home/dyros/model_ws/install/p73_description:/home/dyros/pico_ws/install/ros1_bridge:/home/dyros/pico_ws/install/picoxr:/home/dyros/pico_ws/install/xr_msgs:/home/dyros/pico_ws/src/XRoboToolkit-Teleop-ROS/install/picoxr:/home/dyros/pico_ws/src/XRoboToolkit-Teleop-ROS/install/xr_msgs:/opt/openrobots:/opt/ros/humble LD_LIBRARY_PATH=/home/dyros/pico_ws/src/XRoboToolkit-Teleop-ROS/ros2/install/xr_msgs/lib:/home/dyros/model_ws/install/br_model/lib:/home/dyros/model_ws/install/br_avatar/lib:/home/dyros/model_ws/install/p73_lib/lib:/home/dyros/model_ws/install/p73_gui/lib:/home/dyros/model_ws/install/p73_msgs/lib:/home/dyros/pico_ws/install/picoxr/lib:/home/dyros/pico_ws/install/xr_msgs/lib:/home/dyros/pico_ws/src/XRoboToolkit-Teleop-ROS/install/picoxr/lib:/home/dyros/pico_ws/src/XRoboToolkit-Teleop-ROS/install/xr_msgs/lib:/home/dyros/Qt/6.7.3/gcc_64/lib:/opt/openrobots/lib:/opt/openrobots/lib:/opt/ros/humble/opt/rviz_ogre_vendor/lib:/opt/ros/humble/lib/x86_64-linux-gnu:/opt/ros/humble/lib:/usr/local/cuda-11.7/lib64:/home/dyros/pico_ws/src/XRoboToolkit-PC-Service/RoboticsService/SDK/linux/64 /usr/bin/cmake --build /home/dyros/pico_ws/src/XRoboToolkit-Teleop-ROS/ros2/build/picoxr -- -j20 -l20
[0.043s] [35m[1mConsolidate compiler generated dependencies of target talker[0m
[0.057s] [ 50%] [32mBuilding CXX object CMakeFiles/talker.dir/src/publisher.cpp.o[0m
[1.388s] [01m[K/home/dyros/pico_ws/src/XRoboToolkit-Teleop-ROS/ros2/picoxr/src/publisher.cpp:[m[K In constructor â€˜[01m[KXRNode::XRNode()[m[Kâ€™:
[1.388s] [01m[K/home/dyros/pico_ws/src/XRoboToolkit-Teleop-ROS/ros2/picoxr/src/publisher.cpp:97:9:[m[K [01;31m[Kerror: [m[Kâ€˜[01m[Kqos[m[Kâ€™ was not declared in this scope; did you mean â€˜[01m[Kcos[m[Kâ€™?
[1.388s]    97 |         [01;31m[Kqos[m[K.best_effort();
[1.388s]       |         [01;31m[K^~~[m[K
[1.389s]       |         [32m[Kcos[m[K
[2.370s] gmake[2]: *** [CMakeFiles/talker.dir/build.make:76: CMakeFiles/talker.dir/src/publisher.cpp.o] ì˜¤ë¥˜ 1
[2.370s] gmake[1]: *** [CMakeFiles/Makefile2:154: CMakeFiles/talker.dir/all] ì˜¤ë¥˜ 2
[2.370s] gmake: *** [Makefile:146: all] ì˜¤ë¥˜ 2
[2.372s] Invoked command in '/home/dyros/pico_ws/src/XRoboToolkit-Teleop-ROS/ros2/build/picoxr' returned '2': AMENT_PREFIX_PATH=/home/dyros/pico_ws/src/XRoboToolkit-Teleop-ROS/ros2/install/xr_msgs:${AMENT_PREFIX_PATH} CMAKE_PREFIX_PATH=/home/dyros/pico_ws/src/XRoboToolkit-Teleop-ROS/ros2/install/xr_msgs:/home/dyros/model_ws/install/p73_controller:/home/dyros/model_ws/install/mjc_ros2:/home/dyros/model_ws/install/br_model:/home/dyros/model_ws/install/br_avatar:/home/dyros/model_ws/install/p73_lib:/home/dyros/model_ws/install/p73_gui:/home/dyros/model_ws/install/p73_msgs:/home/dyros/model_ws/install/p73_description:/home/dyros/pico_ws/install/ros1_bridge:/home/dyros/pico_ws/install/picoxr:/home/dyros/pico_ws/install/xr_msgs:/home/dyros/pico_ws/src/XRoboToolkit-Teleop-ROS/install/picoxr:/home/dyros/pico_ws/src/XRoboToolkit-Teleop-ROS/install/xr_msgs:/opt/openrobots:/opt/ros/humble LD_LIBRARY_PATH=/home/dyros/pico_ws/src/XRoboToolkit-Teleop-ROS/ros2/install/xr_msgs/lib:/home/dyros/model_ws/install/br_model/lib:/home/dyros/model_ws/install/br_avatar/lib:/home/dyros/model_ws/install/p73_lib/lib:/home/dyros/model_ws/install/p73_gui/lib:/home/dyros/model_ws/install/p73_msgs/lib:/home/dyros/pico_ws/install/picoxr/lib:/home/dyros/pico_ws/install/xr_msgs/lib:/home/dyros/pico_ws/src/XRoboToolkit-Teleop-ROS/install/picoxr/lib:/home/dyros/pico_ws/src/XRoboToolkit-Teleop-ROS/install/xr_msgs/lib:/home/dyros/Qt/6.7.3/gcc_64/lib:/opt/openrobots/lib:/opt/openrobots/lib:/opt/ros/humble/opt/rviz_ogre_vendor/lib:/opt/ros/humble/lib/x86_64-linux-gnu:/opt/ros/humble/lib:/usr/local/cuda-11.7/lib64:/home/dyros/pico_ws/src/XRoboToolkit-PC-Service/RoboticsService/SDK/linux/64 /usr/bin/cmake --build /home/dyros/pico_ws/src/XRoboToolkit-Teleop-ROS/ros2/build/picoxr -- -j20 -l20
